Traceback (most recent call last):
  File "/home/skalahar/PicturePi/src/generate_picture.py", line 7, in <module>
    from PIL import Image, PngImagePlugin
ModuleNotFoundError: No module named 'PIL'
----------------[start]------------------
positive_prompt: Giraffe wearing a skirt using monoprinting
SDXL turbo doesn't support negative_prompts
output_png_path: /home/skalahar/tmp/Giraffe_wearing_a_skirt_using_monoprinting_seed_9761.png
steps: 5
seed: 9761
----------------[prompt]------------------
Creating image with prompt: 'Giraffe wearing a skirt using monoprinting'
Using seed 9761
Saving to /home/skalahar/tmp/Giraffe_wearing_a_skirt_using_monoprinting_seed_9761.png
Running command:
/home/skalahar/PicturePi/OnnxStream/src/build/sd --turbo --models-path /home/skalahar/PicturePi/models/ --rpi-lowmem --prompt Giraffe wearing a skirt using monoprinting --seed 9761 --output /home/skalahar/tmp/Giraffe_wearing_a_skirt_using_monoprinting_seed_9761.png --steps 5 --res 800x480
Traceback (most recent call last):
  File "/home/skalahar/PicturePi/src/generate_picture.py", line 94, in <module>
    subprocess.run(cmd, check=True)
  File "/usr/lib/python3.11/subprocess.py", line 550, in run
    stdout, stderr = process.communicate(input, timeout=timeout)
                     ^^^^^^^^^^^^^^^^^^^^^^^^^^^^^^^^^^^^^^^^^^^
  File "/usr/lib/python3.11/subprocess.py", line 1199, in communicate
    self.wait()
  File "/usr/lib/python3.11/subprocess.py", line 1262, in wait
    return self._wait(timeout=timeout)
           ^^^^^^^^^^^^^^^^^^^^^^^^^^^
  File "/usr/lib/python3.11/subprocess.py", line 1997, in _wait
    (pid, sts) = self._try_wait(0)
                 ^^^^^^^^^^^^^^^^^
  File "/usr/lib/python3.11/subprocess.py", line 1955, in _try_wait
    (pid, sts) = os.waitpid(self.pid, wait_flags)
                 ^^^^^^^^^^^^^^^^^^^^^^^^^^^^^^^^
KeyboardInterrupt
----------------[start]------------------
positive_prompt: Elephant wearing gloves as paper cut art
SDXL turbo doesn't support negative_prompts
output_png_path: /home/skalahar/tmp/Elephant_wearing_gloves_as_paper_cut_art_seed_283.png
steps: 5
seed: 283
----------------[prompt]------------------
Token: "E"
Token: "le"
Token: "ph"
Token: "ant</w>"
Token: "wearing</w>"
Token: "gloves</w>"
Token: "as</w>"
Token: "paper</w>"
Token: "cut</w>"
Token: "art</w>"
----------------[diffusion]---------------
step:0		580982ms
step:1		589302ms
step:2		601979ms
step:3		595137ms
step:4		589912ms
----------------[decode]------------------
----------------[close]-------------------
Creating image with prompt: 'Elephant wearing gloves as paper cut art'
Using seed 283
Saving to /home/skalahar/tmp/Elephant_wearing_gloves_as_paper_cut_art_seed_283.png
Running command:
/home/skalahar/PicturePi/OnnxStream/src/build/sd --turbo --models-path /home/skalahar/PicturePi/models/ --rpi-lowmem --prompt Elephant wearing gloves as paper cut art --seed 283 --output /home/skalahar/tmp/Elephant_wearing_gloves_as_paper_cut_art_seed_283.png --steps 5 --res 800x480
Command executed successfully.
Metadata added successfully.
Copied to /home/skalahar/tmp/output.png
